<?xml version="1.0" encoding="UTF-8"?>
<testsuite xmlns:xsi="http://www.w3.org/2001/XMLSchema-instance" xsi:noNamespaceSchemaLocation="https://maven.apache.org/surefire/maven-surefire-plugin/xsd/surefire-test-report.xsd" name="com.yhltd.pro.ProApplicationTests" time="47.944" tests="1" errors="0" skipped="0" failures="0">
  <properties>
    <property name="sun.desktop" value="windows"/>
    <property name="awt.toolkit" value="sun.awt.windows.WToolkit"/>
    <property name="file.encoding.pkg" value="sun.io"/>
    <property name="java.specification.version" value="1.8"/>
    <property name="sun.cpu.isalist" value="amd64"/>
    <property name="sun.jnu.encoding" value="GBK"/>
    <property name="java.class.path" value="E:\yh_soft\huaqun\wechart_file_up_down_weixinduan\code\target\test-classes;E:\yh_soft\huaqun\wechart_file_up_down_weixinduan\code\target\classes;C:\Users\Administrator.SC-202303041236\.m2\repository\org\springframework\boot\spring-boot-starter-thymeleaf\2.7.5\spring-boot-starter-thymeleaf-2.7.5.jar;C:\Users\Administrator.SC-202303041236\.m2\repository\org\springframework\boot\spring-boot-starter\2.7.5\spring-boot-starter-2.7.5.jar;C:\Users\Administrator.SC-202303041236\.m2\repository\org\springframework\boot\spring-boot-starter-logging\2.7.5\spring-boot-starter-logging-2.7.5.jar;C:\Users\Administrator.SC-202303041236\.m2\repository\ch\qos\logback\logback-classic\1.2.11\logback-classic-1.2.11.jar;C:\Users\Administrator.SC-202303041236\.m2\repository\ch\qos\logback\logback-core\1.2.11\logback-core-1.2.11.jar;C:\Users\Administrator.SC-202303041236\.m2\repository\org\apache\logging\log4j\log4j-to-slf4j\2.17.2\log4j-to-slf4j-2.17.2.jar;C:\Users\Administrator.SC-202303041236\.m2\repository\org\apache\logging\log4j\log4j-api\2.17.2\log4j-api-2.17.2.jar;C:\Users\Administrator.SC-202303041236\.m2\repository\org\slf4j\jul-to-slf4j\1.7.36\jul-to-slf4j-1.7.36.jar;C:\Users\Administrator.SC-202303041236\.m2\repository\jakarta\annotation\jakarta.annotation-api\1.3.5\jakarta.annotation-api-1.3.5.jar;C:\Users\Administrator.SC-202303041236\.m2\repository\org\yaml\snakeyaml\1.30\snakeyaml-1.30.jar;C:\Users\Administrator.SC-202303041236\.m2\repository\org\thymeleaf\thymeleaf-spring5\3.0.15.RELEASE\thymeleaf-spring5-3.0.15.RELEASE.jar;C:\Users\Administrator.SC-202303041236\.m2\repository\org\thymeleaf\thymeleaf\3.0.15.RELEASE\thymeleaf-3.0.15.RELEASE.jar;C:\Users\Administrator.SC-202303041236\.m2\repository\org\attoparser\attoparser\2.0.5.RELEASE\attoparser-2.0.5.RELEASE.jar;C:\Users\Administrator.SC-202303041236\.m2\repository\org\unbescape\unbescape\1.1.6.RELEASE\unbescape-1.1.6.RELEASE.jar;C:\Users\Administrator.SC-202303041236\.m2\repository\org\thymeleaf\extras\thymeleaf-extras-java8time\3.0.4.RELEASE\thymeleaf-extras-java8time-3.0.4.RELEASE.jar;C:\Users\Administrator.SC-202303041236\.m2\repository\org\springframework\boot\spring-boot-starter-web\2.7.5\spring-boot-starter-web-2.7.5.jar;C:\Users\Administrator.SC-202303041236\.m2\repository\org\springframework\boot\spring-boot-starter-json\2.7.5\spring-boot-starter-json-2.7.5.jar;C:\Users\Administrator.SC-202303041236\.m2\repository\com\fasterxml\jackson\core\jackson-databind\2.13.4.2\jackson-databind-2.13.4.2.jar;C:\Users\Administrator.SC-202303041236\.m2\repository\com\fasterxml\jackson\core\jackson-annotations\2.13.4\jackson-annotations-2.13.4.jar;C:\Users\Administrator.SC-202303041236\.m2\repository\com\fasterxml\jackson\core\jackson-core\2.13.4\jackson-core-2.13.4.jar;C:\Users\Administrator.SC-202303041236\.m2\repository\com\fasterxml\jackson\datatype\jackson-datatype-jdk8\2.13.4\jackson-datatype-jdk8-2.13.4.jar;C:\Users\Administrator.SC-202303041236\.m2\repository\com\fasterxml\jackson\datatype\jackson-datatype-jsr310\2.13.4\jackson-datatype-jsr310-2.13.4.jar;C:\Users\Administrator.SC-202303041236\.m2\repository\com\fasterxml\jackson\module\jackson-module-parameter-names\2.13.4\jackson-module-parameter-names-2.13.4.jar;C:\Users\Administrator.SC-202303041236\.m2\repository\org\springframework\boot\spring-boot-starter-tomcat\2.7.5\spring-boot-starter-tomcat-2.7.5.jar;C:\Users\Administrator.SC-202303041236\.m2\repository\org\apache\tomcat\embed\tomcat-embed-core\9.0.68\tomcat-embed-core-9.0.68.jar;C:\Users\Administrator.SC-202303041236\.m2\repository\org\apache\tomcat\embed\tomcat-embed-el\9.0.68\tomcat-embed-el-9.0.68.jar;C:\Users\Administrator.SC-202303041236\.m2\repository\org\apache\tomcat\embed\tomcat-embed-websocket\9.0.68\tomcat-embed-websocket-9.0.68.jar;C:\Users\Administrator.SC-202303041236\.m2\repository\org\springframework\spring-web\5.3.23\spring-web-5.3.23.jar;C:\Users\Administrator.SC-202303041236\.m2\repository\org\springframework\spring-beans\5.3.23\spring-beans-5.3.23.jar;C:\Users\Administrator.SC-202303041236\.m2\repository\org\springframework\spring-webmvc\5.3.23\spring-webmvc-5.3.23.jar;C:\Users\Administrator.SC-202303041236\.m2\repository\org\springframework\spring-aop\5.3.23\spring-aop-5.3.23.jar;C:\Users\Administrator.SC-202303041236\.m2\repository\org\springframework\spring-context\5.3.23\spring-context-5.3.23.jar;C:\Users\Administrator.SC-202303041236\.m2\repository\org\springframework\spring-expression\5.3.23\spring-expression-5.3.23.jar;C:\Users\Administrator.SC-202303041236\.m2\repository\org\springframework\boot\spring-boot-starter-web-services\2.7.5\spring-boot-starter-web-services-2.7.5.jar;C:\Users\Administrator.SC-202303041236\.m2\repository\com\sun\xml\messaging\saaj\saaj-impl\1.5.3\saaj-impl-1.5.3.jar;C:\Users\Administrator.SC-202303041236\.m2\repository\jakarta\xml\soap\jakarta.xml.soap-api\1.4.2\jakarta.xml.soap-api-1.4.2.jar;C:\Users\Administrator.SC-202303041236\.m2\repository\org\jvnet\staxex\stax-ex\1.8.3\stax-ex-1.8.3.jar;C:\Users\Administrator.SC-202303041236\.m2\repository\com\sun\activation\jakarta.activation\1.2.2\jakarta.activation-1.2.2.jar;C:\Users\Administrator.SC-202303041236\.m2\repository\jakarta\xml\ws\jakarta.xml.ws-api\2.3.3\jakarta.xml.ws-api-2.3.3.jar;C:\Users\Administrator.SC-202303041236\.m2\repository\jakarta\jws\jakarta.jws-api\2.1.0\jakarta.jws-api-2.1.0.jar;C:\Users\Administrator.SC-202303041236\.m2\repository\org\springframework\spring-oxm\5.3.23\spring-oxm-5.3.23.jar;C:\Users\Administrator.SC-202303041236\.m2\repository\org\springframework\ws\spring-ws-core\3.1.3\spring-ws-core-3.1.3.jar;C:\Users\Administrator.SC-202303041236\.m2\repository\org\springframework\ws\spring-xml\3.1.3\spring-xml-3.1.3.jar;C:\Users\Administrator.SC-202303041236\.m2\repository\org\springframework\boot\spring-boot-starter-actuator\2.7.5\spring-boot-starter-actuator-2.7.5.jar;C:\Users\Administrator.SC-202303041236\.m2\repository\org\springframework\boot\spring-boot-actuator-autoconfigure\2.7.5\spring-boot-actuator-autoconfigure-2.7.5.jar;C:\Users\Administrator.SC-202303041236\.m2\repository\org\springframework\boot\spring-boot-actuator\2.7.5\spring-boot-actuator-2.7.5.jar;C:\Users\Administrator.SC-202303041236\.m2\repository\io\micrometer\micrometer-core\1.9.5\micrometer-core-1.9.5.jar;C:\Users\Administrator.SC-202303041236\.m2\repository\org\hdrhistogram\HdrHistogram\2.1.12\HdrHistogram-2.1.12.jar;C:\Users\Administrator.SC-202303041236\.m2\repository\org\latencyutils\LatencyUtils\2.0.3\LatencyUtils-2.0.3.jar;C:\Users\Administrator.SC-202303041236\.m2\repository\org\projectlombok\lombok\1.18.24\lombok-1.18.24.jar;C:\Users\Administrator.SC-202303041236\.m2\repository\org\springframework\boot\spring-boot-starter-test\2.7.5\spring-boot-starter-test-2.7.5.jar;C:\Users\Administrator.SC-202303041236\.m2\repository\org\springframework\boot\spring-boot-test\2.7.5\spring-boot-test-2.7.5.jar;C:\Users\Administrator.SC-202303041236\.m2\repository\org\springframework\boot\spring-boot-test-autoconfigure\2.7.5\spring-boot-test-autoconfigure-2.7.5.jar;C:\Users\Administrator.SC-202303041236\.m2\repository\com\jayway\jsonpath\json-path\2.7.0\json-path-2.7.0.jar;C:\Users\Administrator.SC-202303041236\.m2\repository\net\minidev\json-smart\2.4.8\json-smart-2.4.8.jar;C:\Users\Administrator.SC-202303041236\.m2\repository\net\minidev\accessors-smart\2.4.8\accessors-smart-2.4.8.jar;C:\Users\Administrator.SC-202303041236\.m2\repository\org\ow2\asm\asm\9.1\asm-9.1.jar;C:\Users\Administrator.SC-202303041236\.m2\repository\jakarta\xml\bind\jakarta.xml.bind-api\2.3.3\jakarta.xml.bind-api-2.3.3.jar;C:\Users\Administrator.SC-202303041236\.m2\repository\jakarta\activation\jakarta.activation-api\1.2.2\jakarta.activation-api-1.2.2.jar;C:\Users\Administrator.SC-202303041236\.m2\repository\org\assertj\assertj-core\3.22.0\assertj-core-3.22.0.jar;C:\Users\Administrator.SC-202303041236\.m2\repository\org\hamcrest\hamcrest\2.2\hamcrest-2.2.jar;C:\Users\Administrator.SC-202303041236\.m2\repository\org\junit\jupiter\junit-jupiter\5.8.2\junit-jupiter-5.8.2.jar;C:\Users\Administrator.SC-202303041236\.m2\repository\org\junit\jupiter\junit-jupiter-api\5.8.2\junit-jupiter-api-5.8.2.jar;C:\Users\Administrator.SC-202303041236\.m2\repository\org\opentest4j\opentest4j\1.2.0\opentest4j-1.2.0.jar;C:\Users\Administrator.SC-202303041236\.m2\repository\org\junit\platform\junit-platform-commons\1.8.2\junit-platform-commons-1.8.2.jar;C:\Users\Administrator.SC-202303041236\.m2\repository\org\apiguardian\apiguardian-api\1.1.2\apiguardian-api-1.1.2.jar;C:\Users\Administrator.SC-202303041236\.m2\repository\org\junit\jupiter\junit-jupiter-params\5.8.2\junit-jupiter-params-5.8.2.jar;C:\Users\Administrator.SC-202303041236\.m2\repository\org\junit\jupiter\junit-jupiter-engine\5.8.2\junit-jupiter-engine-5.8.2.jar;C:\Users\Administrator.SC-202303041236\.m2\repository\org\junit\platform\junit-platform-engine\1.8.2\junit-platform-engine-1.8.2.jar;C:\Users\Administrator.SC-202303041236\.m2\repository\org\mockito\mockito-core\4.5.1\mockito-core-4.5.1.jar;C:\Users\Administrator.SC-202303041236\.m2\repository\net\bytebuddy\byte-buddy\1.12.18\byte-buddy-1.12.18.jar;C:\Users\Administrator.SC-202303041236\.m2\repository\net\bytebuddy\byte-buddy-agent\1.12.18\byte-buddy-agent-1.12.18.jar;C:\Users\Administrator.SC-202303041236\.m2\repository\org\objenesis\objenesis\3.2\objenesis-3.2.jar;C:\Users\Administrator.SC-202303041236\.m2\repository\org\mockito\mockito-junit-jupiter\4.5.1\mockito-junit-jupiter-4.5.1.jar;C:\Users\Administrator.SC-202303041236\.m2\repository\org\skyscreamer\jsonassert\1.5.1\jsonassert-1.5.1.jar;C:\Users\Administrator.SC-202303041236\.m2\repository\com\vaadin\external\google\android-json\0.0.20131108.vaadin1\android-json-0.0.20131108.vaadin1.jar;C:\Users\Administrator.SC-202303041236\.m2\repository\org\springframework\spring-core\5.3.23\spring-core-5.3.23.jar;C:\Users\Administrator.SC-202303041236\.m2\repository\org\springframework\spring-jcl\5.3.23\spring-jcl-5.3.23.jar;C:\Users\Administrator.SC-202303041236\.m2\repository\org\springframework\spring-test\5.3.23\spring-test-5.3.23.jar;C:\Users\Administrator.SC-202303041236\.m2\repository\org\xmlunit\xmlunit-core\2.9.0\xmlunit-core-2.9.0.jar;C:\Users\Administrator.SC-202303041236\.m2\repository\com\mysql\mysql-connector-j\8.0.31\mysql-connector-j-8.0.31.jar;C:\Users\Administrator.SC-202303041236\.m2\repository\org\springframework\boot\spring-boot-devtools\2.7.5\spring-boot-devtools-2.7.5.jar;C:\Users\Administrator.SC-202303041236\.m2\repository\org\springframework\boot\spring-boot\2.7.5\spring-boot-2.7.5.jar;C:\Users\Administrator.SC-202303041236\.m2\repository\org\springframework\boot\spring-boot-autoconfigure\2.7.5\spring-boot-autoconfigure-2.7.5.jar;C:\Users\Administrator.SC-202303041236\.m2\repository\com\baomidou\mybatis-plus-boot-starter\3.3.2\mybatis-plus-boot-starter-3.3.2.jar;C:\Users\Administrator.SC-202303041236\.m2\repository\com\baomidou\mybatis-plus\3.3.2\mybatis-plus-3.3.2.jar;C:\Users\Administrator.SC-202303041236\.m2\repository\com\baomidou\mybatis-plus-extension\3.3.2\mybatis-plus-extension-3.3.2.jar;C:\Users\Administrator.SC-202303041236\.m2\repository\com\baomidou\mybatis-plus-core\3.3.2\mybatis-plus-core-3.3.2.jar;C:\Users\Administrator.SC-202303041236\.m2\repository\com\baomidou\mybatis-plus-annotation\3.3.2\mybatis-plus-annotation-3.3.2.jar;C:\Users\Administrator.SC-202303041236\.m2\repository\com\github\jsqlparser\jsqlparser\3.1\jsqlparser-3.1.jar;C:\Users\Administrator.SC-202303041236\.m2\repository\org\mybatis\mybatis\3.5.4\mybatis-3.5.4.jar;C:\Users\Administrator.SC-202303041236\.m2\repository\org\mybatis\mybatis-spring\2.0.4\mybatis-spring-2.0.4.jar;C:\Users\Administrator.SC-202303041236\.m2\repository\org\springframework\boot\spring-boot-starter-jdbc\2.7.5\spring-boot-starter-jdbc-2.7.5.jar;C:\Users\Administrator.SC-202303041236\.m2\repository\com\zaxxer\HikariCP\4.0.3\HikariCP-4.0.3.jar;C:\Users\Administrator.SC-202303041236\.m2\repository\org\springframework\spring-jdbc\5.3.23\spring-jdbc-5.3.23.jar;C:\Users\Administrator.SC-202303041236\.m2\repository\org\springframework\spring-tx\5.3.23\spring-tx-5.3.23.jar;C:\Users\Administrator.SC-202303041236\.m2\repository\com\alibaba\druid\1.1.18\druid-1.1.18.jar;C:\Users\Administrator.SC-202303041236\.m2\repository\com\google\code\gson\gson\2.8.6\gson-2.8.6.jar;C:\Users\Administrator.SC-202303041236\.m2\repository\org\apache\commons\commons-lang3\3.1\commons-lang3-3.1.jar;C:\Users\Administrator.SC-202303041236\.m2\repository\cglib\cglib\2.2.2\cglib-2.2.2.jar;C:\Users\Administrator.SC-202303041236\.m2\repository\asm\asm\3.3.1\asm-3.3.1.jar;C:\Users\Administrator.SC-202303041236\.m2\repository\org\apache\poi\poi\3.15\poi-3.15.jar;C:\Users\Administrator.SC-202303041236\.m2\repository\org\apache\commons\commons-collections4\4.1\commons-collections4-4.1.jar;C:\Users\Administrator.SC-202303041236\.m2\repository\org\apache\poi\poi-ooxml\3.15\poi-ooxml-3.15.jar;C:\Users\Administrator.SC-202303041236\.m2\repository\org\apache\poi\poi-ooxml-schemas\3.15\poi-ooxml-schemas-3.15.jar;C:\Users\Administrator.SC-202303041236\.m2\repository\org\apache\xmlbeans\xmlbeans\2.6.0\xmlbeans-2.6.0.jar;C:\Users\Administrator.SC-202303041236\.m2\repository\stax\stax-api\1.0.1\stax-api-1.0.1.jar;C:\Users\Administrator.SC-202303041236\.m2\repository\com\github\virtuald\curvesapi\1.04\curvesapi-1.04.jar;C:\Users\Administrator.SC-202303041236\.m2\repository\commons-codec\commons-codec\1.15\commons-codec-1.15.jar;C:\Users\Administrator.SC-202303041236\.m2\repository\com\microsoft\sqlserver\mssql-jdbc\6.4.0.jre8\mssql-jdbc-6.4.0.jre8.jar;C:\Users\Administrator.SC-202303041236\.m2\repository\com\alibaba\druid-spring-boot-starter\1.1.20\druid-spring-boot-starter-1.1.20.jar;C:\Users\Administrator.SC-202303041236\.m2\repository\org\slf4j\slf4j-api\1.7.36\slf4j-api-1.7.36.jar;C:\Users\Administrator.SC-202303041236\.m2\repository\cn\hutool\hutool-all\5.4.2\hutool-all-5.4.2.jar;"/>
    <property name="java.vm.vendor" value="Oracle Corporation"/>
    <property name="sun.arch.data.model" value="64"/>
    <property name="user.variant" value=""/>
    <property name="java.vendor.url" value="http://java.oracle.com/"/>
    <property name="user.timezone" value="Asia/Shanghai"/>
    <property name="java.vm.specification.version" value="1.8"/>
    <property name="os.name" value="Windows 10"/>
    <property name="user.country" value="CN"/>
    <property name="sun.java.launcher" value="SUN_STANDARD"/>
    <property name="sun.boot.library.path" value="C:\Program Files\Java\jdk1.8.0_281\jre\bin"/>
    <property name="sun.java.command" value="C:\Users\ADMINI~1.SC-\AppData\Local\Temp\surefire7582746882583965633\surefirebooter627526278157556351.jar C:\Users\Administrator.SC-202303041236\AppData\Local\Temp\surefire7582746882583965633 2025-03-31T09-03-08_981-jvmRun1 surefire2206504436604275421tmp surefire_05931782217930442096tmp"/>
    <property name="surefire.test.class.path" value="E:\yh_soft\huaqun\wechart_file_up_down_weixinduan\code\target\test-classes;E:\yh_soft\huaqun\wechart_file_up_down_weixinduan\code\target\classes;C:\Users\Administrator.SC-202303041236\.m2\repository\org\springframework\boot\spring-boot-starter-thymeleaf\2.7.5\spring-boot-starter-thymeleaf-2.7.5.jar;C:\Users\Administrator.SC-202303041236\.m2\repository\org\springframework\boot\spring-boot-starter\2.7.5\spring-boot-starter-2.7.5.jar;C:\Users\Administrator.SC-202303041236\.m2\repository\org\springframework\boot\spring-boot-starter-logging\2.7.5\spring-boot-starter-logging-2.7.5.jar;C:\Users\Administrator.SC-202303041236\.m2\repository\ch\qos\logback\logback-classic\1.2.11\logback-classic-1.2.11.jar;C:\Users\Administrator.SC-202303041236\.m2\repository\ch\qos\logback\logback-core\1.2.11\logback-core-1.2.11.jar;C:\Users\Administrator.SC-202303041236\.m2\repository\org\apache\logging\log4j\log4j-to-slf4j\2.17.2\log4j-to-slf4j-2.17.2.jar;C:\Users\Administrator.SC-202303041236\.m2\repository\org\apache\logging\log4j\log4j-api\2.17.2\log4j-api-2.17.2.jar;C:\Users\Administrator.SC-202303041236\.m2\repository\org\slf4j\jul-to-slf4j\1.7.36\jul-to-slf4j-1.7.36.jar;C:\Users\Administrator.SC-202303041236\.m2\repository\jakarta\annotation\jakarta.annotation-api\1.3.5\jakarta.annotation-api-1.3.5.jar;C:\Users\Administrator.SC-202303041236\.m2\repository\org\yaml\snakeyaml\1.30\snakeyaml-1.30.jar;C:\Users\Administrator.SC-202303041236\.m2\repository\org\thymeleaf\thymeleaf-spring5\3.0.15.RELEASE\thymeleaf-spring5-3.0.15.RELEASE.jar;C:\Users\Administrator.SC-202303041236\.m2\repository\org\thymeleaf\thymeleaf\3.0.15.RELEASE\thymeleaf-3.0.15.RELEASE.jar;C:\Users\Administrator.SC-202303041236\.m2\repository\org\attoparser\attoparser\2.0.5.RELEASE\attoparser-2.0.5.RELEASE.jar;C:\Users\Administrator.SC-202303041236\.m2\repository\org\unbescape\unbescape\1.1.6.RELEASE\unbescape-1.1.6.RELEASE.jar;C:\Users\Administrator.SC-202303041236\.m2\repository\org\thymeleaf\extras\thymeleaf-extras-java8time\3.0.4.RELEASE\thymeleaf-extras-java8time-3.0.4.RELEASE.jar;C:\Users\Administrator.SC-202303041236\.m2\repository\org\springframework\boot\spring-boot-starter-web\2.7.5\spring-boot-starter-web-2.7.5.jar;C:\Users\Administrator.SC-202303041236\.m2\repository\org\springframework\boot\spring-boot-starter-json\2.7.5\spring-boot-starter-json-2.7.5.jar;C:\Users\Administrator.SC-202303041236\.m2\repository\com\fasterxml\jackson\core\jackson-databind\2.13.4.2\jackson-databind-2.13.4.2.jar;C:\Users\Administrator.SC-202303041236\.m2\repository\com\fasterxml\jackson\core\jackson-annotations\2.13.4\jackson-annotations-2.13.4.jar;C:\Users\Administrator.SC-202303041236\.m2\repository\com\fasterxml\jackson\core\jackson-core\2.13.4\jackson-core-2.13.4.jar;C:\Users\Administrator.SC-202303041236\.m2\repository\com\fasterxml\jackson\datatype\jackson-datatype-jdk8\2.13.4\jackson-datatype-jdk8-2.13.4.jar;C:\Users\Administrator.SC-202303041236\.m2\repository\com\fasterxml\jackson\datatype\jackson-datatype-jsr310\2.13.4\jackson-datatype-jsr310-2.13.4.jar;C:\Users\Administrator.SC-202303041236\.m2\repository\com\fasterxml\jackson\module\jackson-module-parameter-names\2.13.4\jackson-module-parameter-names-2.13.4.jar;C:\Users\Administrator.SC-202303041236\.m2\repository\org\springframework\boot\spring-boot-starter-tomcat\2.7.5\spring-boot-starter-tomcat-2.7.5.jar;C:\Users\Administrator.SC-202303041236\.m2\repository\org\apache\tomcat\embed\tomcat-embed-core\9.0.68\tomcat-embed-core-9.0.68.jar;C:\Users\Administrator.SC-202303041236\.m2\repository\org\apache\tomcat\embed\tomcat-embed-el\9.0.68\tomcat-embed-el-9.0.68.jar;C:\Users\Administrator.SC-202303041236\.m2\repository\org\apache\tomcat\embed\tomcat-embed-websocket\9.0.68\tomcat-embed-websocket-9.0.68.jar;C:\Users\Administrator.SC-202303041236\.m2\repository\org\springframework\spring-web\5.3.23\spring-web-5.3.23.jar;C:\Users\Administrator.SC-202303041236\.m2\repository\org\springframework\spring-beans\5.3.23\spring-beans-5.3.23.jar;C:\Users\Administrator.SC-202303041236\.m2\repository\org\springframework\spring-webmvc\5.3.23\spring-webmvc-5.3.23.jar;C:\Users\Administrator.SC-202303041236\.m2\repository\org\springframework\spring-aop\5.3.23\spring-aop-5.3.23.jar;C:\Users\Administrator.SC-202303041236\.m2\repository\org\springframework\spring-context\5.3.23\spring-context-5.3.23.jar;C:\Users\Administrator.SC-202303041236\.m2\repository\org\springframework\spring-expression\5.3.23\spring-expression-5.3.23.jar;C:\Users\Administrator.SC-202303041236\.m2\repository\org\springframework\boot\spring-boot-starter-web-services\2.7.5\spring-boot-starter-web-services-2.7.5.jar;C:\Users\Administrator.SC-202303041236\.m2\repository\com\sun\xml\messaging\saaj\saaj-impl\1.5.3\saaj-impl-1.5.3.jar;C:\Users\Administrator.SC-202303041236\.m2\repository\jakarta\xml\soap\jakarta.xml.soap-api\1.4.2\jakarta.xml.soap-api-1.4.2.jar;C:\Users\Administrator.SC-202303041236\.m2\repository\org\jvnet\staxex\stax-ex\1.8.3\stax-ex-1.8.3.jar;C:\Users\Administrator.SC-202303041236\.m2\repository\com\sun\activation\jakarta.activation\1.2.2\jakarta.activation-1.2.2.jar;C:\Users\Administrator.SC-202303041236\.m2\repository\jakarta\xml\ws\jakarta.xml.ws-api\2.3.3\jakarta.xml.ws-api-2.3.3.jar;C:\Users\Administrator.SC-202303041236\.m2\repository\jakarta\jws\jakarta.jws-api\2.1.0\jakarta.jws-api-2.1.0.jar;C:\Users\Administrator.SC-202303041236\.m2\repository\org\springframework\spring-oxm\5.3.23\spring-oxm-5.3.23.jar;C:\Users\Administrator.SC-202303041236\.m2\repository\org\springframework\ws\spring-ws-core\3.1.3\spring-ws-core-3.1.3.jar;C:\Users\Administrator.SC-202303041236\.m2\repository\org\springframework\ws\spring-xml\3.1.3\spring-xml-3.1.3.jar;C:\Users\Administrator.SC-202303041236\.m2\repository\org\springframework\boot\spring-boot-starter-actuator\2.7.5\spring-boot-starter-actuator-2.7.5.jar;C:\Users\Administrator.SC-202303041236\.m2\repository\org\springframework\boot\spring-boot-actuator-autoconfigure\2.7.5\spring-boot-actuator-autoconfigure-2.7.5.jar;C:\Users\Administrator.SC-202303041236\.m2\repository\org\springframework\boot\spring-boot-actuator\2.7.5\spring-boot-actuator-2.7.5.jar;C:\Users\Administrator.SC-202303041236\.m2\repository\io\micrometer\micrometer-core\1.9.5\micrometer-core-1.9.5.jar;C:\Users\Administrator.SC-202303041236\.m2\repository\org\hdrhistogram\HdrHistogram\2.1.12\HdrHistogram-2.1.12.jar;C:\Users\Administrator.SC-202303041236\.m2\repository\org\latencyutils\LatencyUtils\2.0.3\LatencyUtils-2.0.3.jar;C:\Users\Administrator.SC-202303041236\.m2\repository\org\projectlombok\lombok\1.18.24\lombok-1.18.24.jar;C:\Users\Administrator.SC-202303041236\.m2\repository\org\springframework\boot\spring-boot-starter-test\2.7.5\spring-boot-starter-test-2.7.5.jar;C:\Users\Administrator.SC-202303041236\.m2\repository\org\springframework\boot\spring-boot-test\2.7.5\spring-boot-test-2.7.5.jar;C:\Users\Administrator.SC-202303041236\.m2\repository\org\springframework\boot\spring-boot-test-autoconfigure\2.7.5\spring-boot-test-autoconfigure-2.7.5.jar;C:\Users\Administrator.SC-202303041236\.m2\repository\com\jayway\jsonpath\json-path\2.7.0\json-path-2.7.0.jar;C:\Users\Administrator.SC-202303041236\.m2\repository\net\minidev\json-smart\2.4.8\json-smart-2.4.8.jar;C:\Users\Administrator.SC-202303041236\.m2\repository\net\minidev\accessors-smart\2.4.8\accessors-smart-2.4.8.jar;C:\Users\Administrator.SC-202303041236\.m2\repository\org\ow2\asm\asm\9.1\asm-9.1.jar;C:\Users\Administrator.SC-202303041236\.m2\repository\jakarta\xml\bind\jakarta.xml.bind-api\2.3.3\jakarta.xml.bind-api-2.3.3.jar;C:\Users\Administrator.SC-202303041236\.m2\repository\jakarta\activation\jakarta.activation-api\1.2.2\jakarta.activation-api-1.2.2.jar;C:\Users\Administrator.SC-202303041236\.m2\repository\org\assertj\assertj-core\3.22.0\assertj-core-3.22.0.jar;C:\Users\Administrator.SC-202303041236\.m2\repository\org\hamcrest\hamcrest\2.2\hamcrest-2.2.jar;C:\Users\Administrator.SC-202303041236\.m2\repository\org\junit\jupiter\junit-jupiter\5.8.2\junit-jupiter-5.8.2.jar;C:\Users\Administrator.SC-202303041236\.m2\repository\org\junit\jupiter\junit-jupiter-api\5.8.2\junit-jupiter-api-5.8.2.jar;C:\Users\Administrator.SC-202303041236\.m2\repository\org\opentest4j\opentest4j\1.2.0\opentest4j-1.2.0.jar;C:\Users\Administrator.SC-202303041236\.m2\repository\org\junit\platform\junit-platform-commons\1.8.2\junit-platform-commons-1.8.2.jar;C:\Users\Administrator.SC-202303041236\.m2\repository\org\apiguardian\apiguardian-api\1.1.2\apiguardian-api-1.1.2.jar;C:\Users\Administrator.SC-202303041236\.m2\repository\org\junit\jupiter\junit-jupiter-params\5.8.2\junit-jupiter-params-5.8.2.jar;C:\Users\Administrator.SC-202303041236\.m2\repository\org\junit\jupiter\junit-jupiter-engine\5.8.2\junit-jupiter-engine-5.8.2.jar;C:\Users\Administrator.SC-202303041236\.m2\repository\org\junit\platform\junit-platform-engine\1.8.2\junit-platform-engine-1.8.2.jar;C:\Users\Administrator.SC-202303041236\.m2\repository\org\mockito\mockito-core\4.5.1\mockito-core-4.5.1.jar;C:\Users\Administrator.SC-202303041236\.m2\repository\net\bytebuddy\byte-buddy\1.12.18\byte-buddy-1.12.18.jar;C:\Users\Administrator.SC-202303041236\.m2\repository\net\bytebuddy\byte-buddy-agent\1.12.18\byte-buddy-agent-1.12.18.jar;C:\Users\Administrator.SC-202303041236\.m2\repository\org\objenesis\objenesis\3.2\objenesis-3.2.jar;C:\Users\Administrator.SC-202303041236\.m2\repository\org\mockito\mockito-junit-jupiter\4.5.1\mockito-junit-jupiter-4.5.1.jar;C:\Users\Administrator.SC-202303041236\.m2\repository\org\skyscreamer\jsonassert\1.5.1\jsonassert-1.5.1.jar;C:\Users\Administrator.SC-202303041236\.m2\repository\com\vaadin\external\google\android-json\0.0.20131108.vaadin1\android-json-0.0.20131108.vaadin1.jar;C:\Users\Administrator.SC-202303041236\.m2\repository\org\springframework\spring-core\5.3.23\spring-core-5.3.23.jar;C:\Users\Administrator.SC-202303041236\.m2\repository\org\springframework\spring-jcl\5.3.23\spring-jcl-5.3.23.jar;C:\Users\Administrator.SC-202303041236\.m2\repository\org\springframework\spring-test\5.3.23\spring-test-5.3.23.jar;C:\Users\Administrator.SC-202303041236\.m2\repository\org\xmlunit\xmlunit-core\2.9.0\xmlunit-core-2.9.0.jar;C:\Users\Administrator.SC-202303041236\.m2\repository\com\mysql\mysql-connector-j\8.0.31\mysql-connector-j-8.0.31.jar;C:\Users\Administrator.SC-202303041236\.m2\repository\org\springframework\boot\spring-boot-devtools\2.7.5\spring-boot-devtools-2.7.5.jar;C:\Users\Administrator.SC-202303041236\.m2\repository\org\springframework\boot\spring-boot\2.7.5\spring-boot-2.7.5.jar;C:\Users\Administrator.SC-202303041236\.m2\repository\org\springframework\boot\spring-boot-autoconfigure\2.7.5\spring-boot-autoconfigure-2.7.5.jar;C:\Users\Administrator.SC-202303041236\.m2\repository\com\baomidou\mybatis-plus-boot-starter\3.3.2\mybatis-plus-boot-starter-3.3.2.jar;C:\Users\Administrator.SC-202303041236\.m2\repository\com\baomidou\mybatis-plus\3.3.2\mybatis-plus-3.3.2.jar;C:\Users\Administrator.SC-202303041236\.m2\repository\com\baomidou\mybatis-plus-extension\3.3.2\mybatis-plus-extension-3.3.2.jar;C:\Users\Administrator.SC-202303041236\.m2\repository\com\baomidou\mybatis-plus-core\3.3.2\mybatis-plus-core-3.3.2.jar;C:\Users\Administrator.SC-202303041236\.m2\repository\com\baomidou\mybatis-plus-annotation\3.3.2\mybatis-plus-annotation-3.3.2.jar;C:\Users\Administrator.SC-202303041236\.m2\repository\com\github\jsqlparser\jsqlparser\3.1\jsqlparser-3.1.jar;C:\Users\Administrator.SC-202303041236\.m2\repository\org\mybatis\mybatis\3.5.4\mybatis-3.5.4.jar;C:\Users\Administrator.SC-202303041236\.m2\repository\org\mybatis\mybatis-spring\2.0.4\mybatis-spring-2.0.4.jar;C:\Users\Administrator.SC-202303041236\.m2\repository\org\springframework\boot\spring-boot-starter-jdbc\2.7.5\spring-boot-starter-jdbc-2.7.5.jar;C:\Users\Administrator.SC-202303041236\.m2\repository\com\zaxxer\HikariCP\4.0.3\HikariCP-4.0.3.jar;C:\Users\Administrator.SC-202303041236\.m2\repository\org\springframework\spring-jdbc\5.3.23\spring-jdbc-5.3.23.jar;C:\Users\Administrator.SC-202303041236\.m2\repository\org\springframework\spring-tx\5.3.23\spring-tx-5.3.23.jar;C:\Users\Administrator.SC-202303041236\.m2\repository\com\alibaba\druid\1.1.18\druid-1.1.18.jar;C:\Users\Administrator.SC-202303041236\.m2\repository\com\google\code\gson\gson\2.8.6\gson-2.8.6.jar;C:\Users\Administrator.SC-202303041236\.m2\repository\org\apache\commons\commons-lang3\3.1\commons-lang3-3.1.jar;C:\Users\Administrator.SC-202303041236\.m2\repository\cglib\cglib\2.2.2\cglib-2.2.2.jar;C:\Users\Administrator.SC-202303041236\.m2\repository\asm\asm\3.3.1\asm-3.3.1.jar;C:\Users\Administrator.SC-202303041236\.m2\repository\org\apache\poi\poi\3.15\poi-3.15.jar;C:\Users\Administrator.SC-202303041236\.m2\repository\org\apache\commons\commons-collections4\4.1\commons-collections4-4.1.jar;C:\Users\Administrator.SC-202303041236\.m2\repository\org\apache\poi\poi-ooxml\3.15\poi-ooxml-3.15.jar;C:\Users\Administrator.SC-202303041236\.m2\repository\org\apache\poi\poi-ooxml-schemas\3.15\poi-ooxml-schemas-3.15.jar;C:\Users\Administrator.SC-202303041236\.m2\repository\org\apache\xmlbeans\xmlbeans\2.6.0\xmlbeans-2.6.0.jar;C:\Users\Administrator.SC-202303041236\.m2\repository\stax\stax-api\1.0.1\stax-api-1.0.1.jar;C:\Users\Administrator.SC-202303041236\.m2\repository\com\github\virtuald\curvesapi\1.04\curvesapi-1.04.jar;C:\Users\Administrator.SC-202303041236\.m2\repository\commons-codec\commons-codec\1.15\commons-codec-1.15.jar;C:\Users\Administrator.SC-202303041236\.m2\repository\com\microsoft\sqlserver\mssql-jdbc\6.4.0.jre8\mssql-jdbc-6.4.0.jre8.jar;C:\Users\Administrator.SC-202303041236\.m2\repository\com\alibaba\druid-spring-boot-starter\1.1.20\druid-spring-boot-starter-1.1.20.jar;C:\Users\Administrator.SC-202303041236\.m2\repository\org\slf4j\slf4j-api\1.7.36\slf4j-api-1.7.36.jar;C:\Users\Administrator.SC-202303041236\.m2\repository\cn\hutool\hutool-all\5.4.2\hutool-all-5.4.2.jar;"/>
    <property name="sun.cpu.endian" value="little"/>
    <property name="user.home" value="C:\Users\Administrator.SC-202303041236"/>
    <property name="user.language" value="zh"/>
    <property name="java.specification.vendor" value="Oracle Corporation"/>
    <property name="java.home" value="C:\Program Files\Java\jdk1.8.0_281\jre"/>
    <property name="basedir" value="E:\yh_soft\huaqun\wechart_file_up_down_weixinduan\code"/>
    <property name="file.separator" value="\"/>
    <property name="line.separator" value="&#10;"/>
    <property name="java.vm.specification.vendor" value="Oracle Corporation"/>
    <property name="java.specification.name" value="Java Platform API Specification"/>
    <property name="java.awt.graphicsenv" value="sun.awt.Win32GraphicsEnvironment"/>
    <property name="surefire.real.class.path" value="C:\Users\ADMINI~1.SC-\AppData\Local\Temp\surefire7582746882583965633\surefirebooter627526278157556351.jar"/>
    <property name="sun.boot.class.path" value="C:\Program Files\Java\jdk1.8.0_281\jre\lib\resources.jar;C:\Program Files\Java\jdk1.8.0_281\jre\lib\rt.jar;C:\Program Files\Java\jdk1.8.0_281\jre\lib\sunrsasign.jar;C:\Program Files\Java\jdk1.8.0_281\jre\lib\jsse.jar;C:\Program Files\Java\jdk1.8.0_281\jre\lib\jce.jar;C:\Program Files\Java\jdk1.8.0_281\jre\lib\charsets.jar;C:\Program Files\Java\jdk1.8.0_281\jre\lib\jfr.jar;C:\Program Files\Java\jdk1.8.0_281\jre\classes"/>
    <property name="user.script" value=""/>
    <property name="sun.management.compiler" value="HotSpot 64-Bit Tiered Compilers"/>
    <property name="java.runtime.version" value="1.8.0_281-b09"/>
    <property name="user.name" value="Administrator"/>
    <property name="path.separator" value=";"/>
    <property name="os.version" value="10.0"/>
    <property name="java.endorsed.dirs" value="C:\Program Files\Java\jdk1.8.0_281\jre\lib\endorsed"/>
    <property name="java.runtime.name" value="Java(TM) SE Runtime Environment"/>
    <property name="file.encoding" value="GBK"/>
    <property name="java.vm.name" value="Java HotSpot(TM) 64-Bit Server VM"/>
    <property name="localRepository" value="C:\Users\Administrator.SC-202303041236\.m2\repository"/>
    <property name="java.vendor.url.bug" value="http://bugreport.sun.com/bugreport/"/>
    <property name="java.io.tmpdir" value="C:\Users\ADMINI~1.SC-\AppData\Local\Temp\"/>
    <property name="idea.version" value="2022.3.3"/>
    <property name="java.version" value="1.8.0_281"/>
    <property name="user.dir" value="E:\yh_soft\huaqun\wechart_file_up_down_weixinduan\code"/>
    <property name="os.arch" value="amd64"/>
    <property name="java.vm.specification.name" value="Java Virtual Machine Specification"/>
    <property name="java.awt.printerjob" value="sun.awt.windows.WPrinterJob"/>
    <property name="sun.os.patch.level" value=""/>
    <property name="java.library.path" value="C:\Program Files\Java\jdk1.8.0_281\jre\bin;C:\Windows\Sun\Java\bin;C:\Windows\system32;C:\Windows;E:\maven\apache-maven-3.9.2\bin;C:\Windows\system32;C:\Windows;C:\Windows\System32\Wbem;C:\Windows\System32\WindowsPowerShell\v1.0\;C:\Windows\System32\OpenSSH\;&quot;C:\Program Files\JAVA\bin;&quot;;&quot;C:\Program Files\JAVA\jre\bin;&quot;;&quot;C:\Program Files\Android\android-sdk-windows\platforms\platform-tools;C:\Program Files\Android\android-sdk-windows\platforms\tools&quot;;C:\Program Files (x86)\Microsoft SQL Server\160\Tools\Binn\;C:\Program Files\Microsoft SQL Server\160\Tools\Binn\;C:\Program Files\Microsoft SQL Server\Client SDK\ODBC\170\Tools\Binn\;C:\Program Files\Microsoft SQL Server\160\DTS\Binn\;C:\Program Files\Git\cmd;&quot;C:\Program Files\Apache Software Foundation\Tomcat 8.5;\bin;&quot;;;C:\Program Files (x86)\Tencent\微信web开发者工具\dll;C:\Program Files\Microsoft\Web Platform Installer\;C:\Program Files (x86)\Microsoft ASP.NET\ASP.NET Web Pages\v1.0\;C:\Program Files (x86)\Windows Kits\8.0\Windows Performance Toolkit\;C:\Program Files\Microsoft SQL Server\110\Tools\Binn\;C:\Program Files\nodejs\;C:\Program Files\MySQL\MySQL Shell 8.0\bin\;C:\Users\Administrator.SC-202303041236\AppData\Local\Microsoft\WindowsApps;C:\Users\Administrator.SC-202303041236\AppData\Local\GitHubDesktop\bin;C:\Program Files (x86)\Tencent\QQGameTempest\Hall.57938\;C:\Program Files\JAVA\jdk1.8.0_281\bin;;C:\Users\Administrator.SC-202303041236\AppData\Local\Programs\Microsoft VS Code\bin;C:\Program Files\Bandizip\;C:\Program Files\JetBrains\IntelliJ IDEA 2022.3.3\bin;;C:\Users\Administrator.SC-202303041236\AppData\Roaming\npm;."/>
    <property name="java.vm.info" value="mixed mode"/>
    <property name="java.vendor" value="Oracle Corporation"/>
    <property name="java.vm.version" value="25.281-b09"/>
    <property name="java.ext.dirs" value="C:\Program Files\Java\jdk1.8.0_281\jre\lib\ext;C:\Windows\Sun\Java\lib\ext"/>
    <property name="sun.io.unicode.encoding" value="UnicodeLittle"/>
    <property name="java.class.version" value="52.0"/>
  </properties>
  <testcase name="contextLoads" classname="com.yhltd.pro.ProApplicationTests" time="1.499"/>
</testsuite>